<?xml version="1.0" encoding="UTF-8"?>
<!-- Generated by org.testng.reporters.JUnitReportReporter -->
<testsuite hostname="mahesh-rokade" failures="0" tests="2" name="qaclickacademy.AppiumTest" time="0.014" errors="0" timestamp="2021-10-27T13:04:24 IST" skipped="0">
  <testcase classname="qaclickacademy.AppiumTest" name="nativeAppAndroid" time="0.003"/>
  <system-out/>
  <testcase classname="qaclickacademy.AppiumTest" name="IosApp" time="0.011"/>
  <system-out/>
</testsuite> <!-- qaclickacademy.AppiumTest -->
