<?xml version="1.0" encoding="UTF-8"?>
<!-- Generated by org.testng.reporters.JUnitReportReporter -->
<testsuite hostname="mahesh-rokade" failures="0" tests="2" name="qaclickacademy.RestAPITest" time="0.002" errors="0" timestamp="2021-10-27T13:04:24 IST" skipped="0">
  <testcase classname="qaclickacademy.RestAPITest" name="deleteTwitter" time="0.001"/>
  <system-out/>
  <testcase classname="qaclickacademy.RestAPITest" name="postJira" time="0.001"/>
  <system-out/>
</testsuite> <!-- qaclickacademy.RestAPITest -->
