<?xml version="1.0" encoding="UTF-8"?>
<!-- Generated by org.testng.reporters.JUnitReportReporter -->
<testsuite hostname="mahesh-rokade" failures="0" tests="2" name="qaclickacademy.AppiumTest" time="0.007" errors="0" timestamp="2021-10-16T11:30:52 IST" skipped="0">
  <testcase classname="qaclickacademy.AppiumTest" name="IosApp" time="0.006"/>
  <system-out/>
  <testcase classname="qaclickacademy.AppiumTest" name="nativeAppAndroid" time="0.001"/>
  <system-out/>
</testsuite> <!-- qaclickacademy.AppiumTest -->
